<?xml version="1.0" encoding="UTF-8"?>

<mule xmlns:jira="http://www.mulesoft.org/schema/mule/jira"
	  xmlns="http://www.mulesoft.org/schema/mule/core"
	  xmlns:xsi="http://www.w3.org/2001/XMLSchema-instance" xsi:schemaLocation="http://www.mulesoft.org/schema/mule/core http://www.mulesoft.org/schema/mule/core/current/mule.xsd
http://www.mulesoft.org/schema/mule/jira http://www.mulesoft.org/schema/mule/jira/current/mule-jira.xsd">
	<jira:config name="Jira_Config">
		<jira:connection jiraUrl="http://localhost:8090" username="USERNAME" password="PASSWORD" />
	</jira:config>
	<flow name="getIssue">
		<jira:get-issue config-ref="Jira_Config" issueName="TEST-1"/>
	</flow>
</mule>
